<?xml version="1.0" encoding="UTF-8"?>
<!-- Generated by org.testng.reporters.JUnitReportReporter -->
<testsuite skipped="0" hostname="nandu-PC" name="com.selenium.MavenProject1.NewTest" tests="1" failures="0" timestamp="08 Jul 2017 06:04:52 GMT" time="0.015" errors="0">
  <testcase name="f" time="0.015" classname="com.selenium.MavenProject1.NewTest"/>
</testsuite> <!-- com.selenium.MavenProject1.NewTest -->
