<?xml version="1.0" encoding="UTF-8"?>
<!-- Generated by org.testng.reporters.JUnitReportReporter -->
<testsuite skipped="0" hostname="nandu-PC" name="com.selenium.MavenProject1.TrackoMain" tests="1" failures="0" timestamp="09 Jul 2017 05:16:05 GMT" time="0.001" errors="0">
  <testcase name="f" time="0.001" classname="com.selenium.MavenProject1.TrackoMain"/>
</testsuite> <!-- com.selenium.MavenProject1.TrackoMain -->
